#
# A fatal error has been detected by the Java Runtime Environment:
#
#  EXCEPTION_ACCESS_VIOLATION (0xc0000005) at pc=0x707aa69d, pid=5412, tid=4764
#
# JRE version: Java(TM) SE Runtime Environment (8.0_60-b27) (build 1.8.0_60-b27)
# Java VM: Java HotSpot(TM) Client VM (25.60-b23 mixed mode windows-x86 )
# Problematic frame:
# V  [jvm.dll+0xca69d]
#
# Failed to write core dump. Minidumps are not enabled by default on client versions of Windows
#
# If you would like to submit a bug report, please visit:
#   http://bugreport.java.com/bugreport/crash.jsp
#

---------------  T H R E A D  ---------------

Current thread (0x142ac000):  JavaThread "JDWP Transport Listener: dt_socket" daemon [_thread_in_vm, id=4764, stack(0x147c0000,0x14810000)]

siginfo: ExceptionCode=0xc0000005, reading address 0x3b746e65

Registers:
EAX=0x3b746e65, EBX=0x00000000, ECX=0x3b746e65, EDX=0x00000000
ESP=0x1480f788, EBP=0x1480f78c, ESI=0x142ac000, EDI=0x01797c20
EIP=0x707aa69d, EFLAGS=0x00010206

Top of Stack: (sp=0x1480f788)
0x1480f788:   142ac000 1480f7b4 70907724 3b746e65
0x1480f798:   1480f86c 1480f7ef 142ac000 00000000
0x1480f7a8:   00000000 00000000 142ac000 1480f7f0
0x1480f7b8:   63689f80 01797c20 3b746e65 1480f7ef
0x1480f7c8:   3b746e65 6367436d 3b746e65 1480f7ef
0x1480f7d8:   00000008 00000000 00000000 00000009
0x1480f7e8:   00000000 00881efc 1480f810 636744e0
0x1480f7f8:   00000001 1480f82c 1480f868 14314bc0 

Instructions: (pc=0x707aa69d)
0x707aa67d:   5d c3 52 e8 5b f9 ff ff 5d c3 cc cc cc cc cc cc
0x707aa68d:   cc cc cc 55 8b ec 8b 45 08 85 c0 75 02 5d c3 56
0x707aa69d:   8b 30 85 f6 74 17 83 fe 37 74 12 8b 06 8b 50 08
0x707aa6ad:   8b ce ff d2 84 c0 74 05 8b c6 5e 5d c3 33 c0 5e 


Register to memory mapping:

EAX=0x3b746e65 is an unknown value
EBX=0x00000000 is an unknown value
ECX=0x3b746e65 is an unknown value
EDX=0x00000000 is an unknown value
ESP=0x1480f788 is pointing into the stack for thread: 0x142ac000
EBP=0x1480f78c is pointing into the stack for thread: 0x142ac000
ESI=0x142ac000 is a thread
EDI=0x01797c20 is an unknown value


Stack: [0x147c0000,0x14810000],  sp=0x1480f788,  free space=317k
Native frames: (J=compiled Java code, j=interpreted, Vv=VM code, C=native code)
V  [jvm.dll+0xca69d]
V  [jvm.dll+0x227724]
C  [jdwp.dll+0x19f80]
C  [jdwp.dll+0x44e0]
C  [jdwp.dll+0x451e]
C  0x4c283800


---------------  P R O C E S S  ---------------

Java Threads: ( => current thread )
  0x142de800 JavaThread "Service Thread" daemon [_thread_blocked, id=7016, stack(0x149e0000,0x14a30000)]
  0x142b8c00 JavaThread "C1 CompilerThread0" daemon [_thread_blocked, id=3564, stack(0x14710000,0x14760000)]
  0x142aec00 JavaThread "JDWP Command Reader" daemon [_thread_in_native, id=7600, stack(0x14060000,0x140b0000)]
  0x142ad400 JavaThread "JDWP Event Helper Thread" daemon [_thread_blocked, id=7164, stack(0x146b0000,0x14700000)]
=>0x142ac000 JavaThread "JDWP Transport Listener: dt_socket" daemon [_thread_in_vm, id=4764, stack(0x147c0000,0x14810000)]
  0x142a2400 JavaThread "Attach Listener" daemon [_thread_blocked, id=6552, stack(0x14640000,0x14690000)]
  0x0189a800 JavaThread "Signal Dispatcher" daemon [_thread_blocked, id=5052, stack(0x14570000,0x145c0000)]
  0x0188f000 JavaThread "Finalizer" daemon [_thread_blocked, id=8180, stack(0x14500000,0x14550000)]
  0x01889400 JavaThread "Reference Handler" daemon [_thread_blocked, id=5124, stack(0x14110000,0x14160000)]
  0x0179cc00 JavaThread "main" [_thread_blocked, id=7972, stack(0x00530000,0x00580000)]

Other Threads:
  0x01884800 VMThread [stack: 0x14190000,0x141e0000] [id=6680]
  0x142e3c00 WatcherThread [stack: 0x14aa0000,0x14af0000] [id=7992]

VM state:not at safepoint (normal execution)

VM Mutex/Monitor currently owned by a thread: None

Heap:
 def new generation   total 4928K, used 619K [0x03c00000, 0x04150000, 0x09150000)
  eden space 4416K,  14% used [0x03c00000, 0x03c9ac88, 0x04050000)
  from space 512K,   0% used [0x04050000, 0x04050000, 0x040d0000)
  to   space 512K,   0% used [0x040d0000, 0x040d0000, 0x04150000)
 tenured generation   total 10944K, used 0K [0x09150000, 0x09c00000, 0x13c00000)
   the space 10944K,   0% used [0x09150000, 0x09150000, 0x09150200, 0x09c00000)
 Metaspace       used 1846K, capacity 2472K, committed 2496K, reserved 4480K

Card table byte_map: [0x01650000,0x016e0000] byte_map_base: 0x01632000

Polling page: 0x002a0000

CodeCache: size=32768Kb used=666Kb max_used=666Kb free=32101Kb
 bounds [0x01b70000, 0x01c18000, 0x03b70000]
 total_blobs=143 nmethods=14 adapters=69
 compilation: enabled

Compilation events (10 events):
Event: 0.440 Thread 0x142b8c00   10             java.lang.Character::toLowerCase (9 bytes)
Event: 0.440 Thread 0x142b8c00 nmethod 10 0x01c15988 code [0x01c15a90, 0x01c15b38]
Event: 0.441 Thread 0x142b8c00   11             java.lang.CharacterDataLatin1::toLowerCase (39 bytes)
Event: 0.441 Thread 0x142b8c00 nmethod 11 0x01c15bc8 code [0x01c15cc0, 0x01c15da0]
Event: 0.441 Thread 0x142b8c00   12             java.lang.AbstractStringBuilder::ensureCapacityInternal (16 bytes)
Event: 0.441 Thread 0x142b8c00 nmethod 12 0x01c15e88 code [0x01c15f90, 0x01c1604c]
Event: 0.441 Thread 0x142b8c00   13             java.lang.String::indexOf (166 bytes)
Event: 0.443 Thread 0x142b8c00 nmethod 13 0x01c160c8 code [0x01c161e0, 0x01c16430]
Event: 0.451 Thread 0x142b8c00   14             java.lang.AbstractStringBuilder::append (29 bytes)
Event: 0.452 Thread 0x142b8c00 nmethod 14 0x01c16788 code [0x01c16890, 0x01c1698c]

GC Heap History (0 events):
No events

Deoptimization events (0 events):
No events

Internal exceptions (2 events):
Event: 0.097 Thread 0x0179cc00 Exception <a 'java/lang/NoSuchMethodError': Method sun.misc.Unsafe.defineClass(Ljava/lang/String;[BII)Ljava/lang/Class; name or signature does not match> (0x03c109d8) thrown at [D:\re\puppet\workspace\8-2-build-windows-i586-cygwin\jdk8u60\4407\hotspot\src\∂”^Ë—∏?
Event: 0.097 Thread 0x0179cc00 Exception <a 'java/lang/NoSuchMethodError': Method sun.misc.Unsafe.prefetchRead(Ljava/lang/Object;J)V name or signature does not match> (0x03c10ca8) thrown at [D:\re\puppet\workspace\8-2-build-windows-i586-cygwin\jdk8u60\4407\hotspot\src\share\vm\prims\jni

Events (10 events):
Event: 13088.585 Executing VM operation: EnterInterpOnlyMode
Event: 13088.585 Executing VM operation: EnterInterpOnlyMode done
Event: 13088.586 Executing VM operation: ChangeSingleStep
Event: 13088.586 Executing VM operation: ChangeSingleStep done
Event: 13088.586 Executing VM operation: ChangeSingleStep
Event: 13088.586 Executing VM operation: ChangeSingleStep done
Event: 13088.600 Executing VM operation: RedefineClasses
Event: 13088.600 Executing VM operation: RedefineClasses done
Event: 13088.621 Executing VM operation: ChangeBreakpoints
Event: 13088.621 Executing VM operation: ChangeBreakpoints done


Dynamic libraries:
0x001c0000 - 0x001f3000 	C:\Program Files\Java\jre1.8.0_60\bin\javaw.exe
0x77400000 - 0x7753c000 	C:\Windows\SYSTEM32\ntdll.dll
0x75330000 - 0x75404000 	C:\Windows\system32\kernel32.dll
0x74540000 - 0x7458b000 	C:\Windows\system32\KERNELBASE.dll
0x75640000 - 0x756e0000 	C:\Windows\system32\ADVAPI32.dll
0x74ff0000 - 0x7509c000 	C:\Windows\system32\msvcrt.dll
0x74c70000 - 0x74c89000 	C:\Windows\SYSTEM32\sechost.dll
0x75280000 - 0x75321000 	C:\Windows\system32\RPCRT4.dll
0x751b0000 - 0x75279000 	C:\Windows\system32\USER32.dll
0x76590000 - 0x765de000 	C:\Windows\system32\GDI32.dll
0x750a0000 - 0x750aa000 	C:\Windows\system32\LPK.dll
0x764f0000 - 0x7658d000 	C:\Windows\system32\USP10.dll
0x731e0000 - 0x7337e000 	C:\Windows\WinSxS\x86_microsoft.windows.common-controls_6595b64144ccf1df_6.0.7601.17514_none_41e6975e2bd6f2b2\COMCTL32.dll
0x74ec0000 - 0x74f17000 	C:\Windows\system32\SHLWAPI.dll
0x75100000 - 0x7511f000 	C:\Windows\system32\IMM32.DLL
0x74a50000 - 0x74b1c000 	C:\Windows\system32\MSCTF.dll
0x63ae0000 - 0x63b57000 	C:\Program Files\AVG\AVG2015\avghookx.dll
0x5ba30000 - 0x5baef000 	C:\Program Files\Java\jre1.8.0_60\bin\msvcr100.dll
0x706e0000 - 0x70aa5000 	C:\Program Files\Java\jre1.8.0_60\bin\client\jvm.dll
0x66e70000 - 0x66e77000 	C:\Windows\system32\WSOCK32.dll
0x74f20000 - 0x74f55000 	C:\Windows\system32\WS2_32.dll
0x75120000 - 0x75126000 	C:\Windows\system32\NSI.dll
0x72ff0000 - 0x73022000 	C:\Windows\system32\WINMM.dll
0x739a0000 - 0x739a9000 	C:\Windows\system32\VERSION.dll
0x74a40000 - 0x74a45000 	C:\Windows\system32\PSAPI.DLL
0x729e0000 - 0x729ec000 	C:\Program Files\Java\jre1.8.0_60\bin\verify.dll
0x70660000 - 0x70681000 	C:\Program Files\Java\jre1.8.0_60\bin\java.dll
0x63670000 - 0x63699000 	C:\Program Files\Java\jre1.8.0_60\bin\jdwp.dll
0x638c0000 - 0x638c7000 	C:\Program Files\Java\jre1.8.0_60\bin\npt.dll
0x70620000 - 0x70633000 	C:\Program Files\Java\jre1.8.0_60\bin\zip.dll
0x75740000 - 0x7638a000 	C:\Windows\system32\SHELL32.dll
0x76390000 - 0x764ec000 	C:\Windows\system32\ole32.dll
0x744e0000 - 0x744eb000 	C:\Windows\system32\profapi.dll
0x6e720000 - 0x6e728000 	C:\Program Files\Java\jre1.8.0_60\bin\dt_socket.dll
0x71f50000 - 0x71f60000 	C:\Windows\system32\NLAapi.dll
0x6e190000 - 0x6e1a0000 	C:\Windows\system32\napinsp.dll
0x6e170000 - 0x6e182000 	C:\Windows\system32\pnrpnsp.dll
0x73ec0000 - 0x73efc000 	C:\Windows\System32\mswsock.dll
0x73d80000 - 0x73dc4000 	C:\Windows\system32\DNSAPI.dll
0x6e160000 - 0x6e168000 	C:\Windows\System32\winrnr.dll
0x72150000 - 0x7216c000 	C:\Windows\system32\IPHLPAPI.DLL
0x72140000 - 0x72147000 	C:\Windows\system32\WINNSI.DLL
0x71ba0000 - 0x71bd8000 	C:\Windows\System32\fwpuclnt.dll
0x6e740000 - 0x6e746000 	C:\Windows\system32\rasadhlp.dll
0x73a30000 - 0x73a35000 	C:\Windows\System32\wshtcpip.dll
0x6e1e0000 - 0x6e2cb000 	C:\Windows\system32\dbghelp.dll

VM Arguments:
jvm_args: -agentlib:jdwp=transport=dt_socket,suspend=y,address=localhost:1614 -Dfile.encoding=Cp1251 
java_command: BestFit
java_class_path (initial): D:\BigSoftJava\Workspace\BestFit\bin
Launcher Type: SUN_STANDARD

Environment Variables:
PATH=C:/Program Files/Java/jre1.8.0_60/bin/client;C:/Program Files/Java/jre1.8.0_60/bin;C:/Program Files/Java/jre1.8.0_60/lib/i386;C:\ProgramData\Oracle\Java\javapath;C:\Program Files\AMD APP\bin\x86;C:\Windows\system32;C:\Windows;C:\Windows\System32\Wbem;C:\Windows\System32\WindowsPowerShell\v1.0\;C:\Program Files\Intel\OpenCL SDK\2.0\bin\x86;C:\Program Files\Windows Kits\8.1\Windows Performance Toolkit\;C:\Program Files\Microsoft SQL Server\110\Tools\Binn\;C:\Program Files\Skype\Phone\;D:\Android\sdk\platform-tools\;D:\Android\sdk\tools\;D:\BigSoftJava\eclipse luna EE;
USERNAME=Artyom
OS=Windows_NT
PROCESSOR_IDENTIFIER=x86 Family 6 Model 42 Stepping 7, GenuineIntel



---------------  S Y S T E M  ---------------

OS: Windows 7 Build 7601 (6.1.7601.17932)

CPU:total 8 (4 cores per cpu, 2 threads per core) family 6 model 42 stepping 7, cmov, cx8, fxsr, mmx, sse, sse2, sse3, ssse3, sse4.1, sse4.2, popcnt, avx, aes, clmul, ht, tsc, tscinvbit

Memory: 4k page, physical 3314856k(892584k free), swap 6627960k(3619596k free)

vm_info: Java HotSpot(TM) Client VM (25.60-b23) for windows-x86 JRE (1.8.0_60-b27), built on Aug  4 2015 10:57:40 by "java_re" with MS VC++ 10.0 (VS2010)

time: Fri Oct 09 19:06:00 2015
elapsed time: 13089 seconds (0d 3h 38m 9s)

